Using pre-set license
Built from '2020.3/staging' branch; Version is '2020.3.3f1 (76626098c1c4) revision 7758432'; Using compiler version '192528614'; Build Type 'Release'
OS: 'Windows 10 Pro; OS build 19041.867; Version 2004; 64bit' Language: 'en' Physical Memory: 16334 MB
BatchMode: 1, IsHumanControllingUs: 0, StartBugReporterOnCrash: 0, Is64bit: 1, IsPro: 0

 COMMAND LINE ARGUMENTS:
C:\Program Files\Unity\Hub\Editor\2020.3.3f1\Editor\Unity.exe
-adb2
-batchMode
-noUpm
-name
AssetImportWorker0
-projectPath
F:/CFW/CFW
-logFile
Logs/AssetImportWorker0.log
-srvPort
49282
Successfully changed project path to: F:/CFW/CFW
F:/CFW/CFW
Using Asset Import Pipeline V2.
Refreshing native plugins compatible for Editor in 41.08 ms, found 0 plugins.
Preloading 0 native plugins for Editor in 0.00 ms.
Initialize engine version: 2020.3.3f1 (76626098c1c4)
[Subsystems] Discovering subsystems at path C:/Program Files/Unity/Hub/Editor/2020.3.3f1/Editor/Data/Resources/UnitySubsystems
[Subsystems] Discovering subsystems at path F:/CFW/CFW/Assets
GfxDevice: creating device client; threaded=0
Direct3D:
    Version:  Direct3D 11.0 [level 11.0]
    Renderer: NVIDIA GeForce GTX 760 (ID=0x1187)
    Vendor:   
    VRAM:     2007 MB
    Driver:   27.21.14.5671
Initialize mono
Mono path[0] = 'C:/Program Files/Unity/Hub/Editor/2020.3.3f1/Editor/Data/Managed'
Mono path[1] = 'C:/Program Files/Unity/Hub/Editor/2020.3.3f1/Editor/Data/MonoBleedingEdge/lib/mono/unityjit'
Mono config path = 'C:/Program Files/Unity/Hub/Editor/2020.3.3f1/Editor/Data/MonoBleedingEdge/etc'
Using monoOptions --debugger-agent=transport=dt_socket,embedding=1,server=y,suspend=n,address=127.0.0.1:56776
Begin MonoManager ReloadAssembly
Registering precompiled unity dll's ...
Register platform support module: C:/Program Files/Unity/Hub/Editor/2020.3.3f1/Editor/Data/PlaybackEngines/WindowsStandaloneSupport/UnityEditor.WindowsStandalone.Extensions.dll
Registered in 0.002244 seconds.
Native extension for WindowsStandalone target not found
Refreshing native plugins compatible for Editor in 36.82 ms, found 0 plugins.
Preloading 0 native plugins for Editor in 0.00 ms.
Invoked RoslynAnalysisRunner static constructor.
RoslynAnalysisRunner will not be running.
RoslynAnalysisRunner has terminated.
Mono: successfully reloaded assembly
- Completed reload, in  1.202 seconds
Platform modules already initialized, skipping
Registering precompiled user dll's ...
Registered in 0.003786 seconds.
Begin MonoManager ReloadAssembly
Native extension for WindowsStandalone target not found
Refreshing native plugins compatible for Editor in 0.60 ms, found 0 plugins.
Preloading 0 native plugins for Editor in 0.00 ms.
Invoked RoslynAnalysisRunner static constructor.
RoslynAnalysisRunner will not be running.
RoslynAnalysisRunner has terminated.
Mono: successfully reloaded assembly
- Completed reload, in  0.914 seconds
Platform modules already initialized, skipping
========================================================================
Worker process is ready to serve import requests
Launched and connected shader compiler UnityShaderCompiler.exe after 0.04 seconds
Refreshing native plugins compatible for Editor in 0.56 ms, found 0 plugins.
Preloading 0 native plugins for Editor in 0.00 ms.
Unloading 1562 Unused Serialized files (Serialized files now loaded: 0)
System memory in use before: 72.1 MB.
System memory in use after: 72.2 MB.

Unloading 39 unused Assets to reduce memory usage. Loaded Objects now: 1991.
Total: 2.874400 ms (FindLiveObjects: 0.259300 ms CreateObjectMapping: 0.039600 ms MarkObjects: 2.470600 ms  DeleteObjects: 0.103100 ms)

========================================================================
Received Import Request.
  path: Assets/Resources/DOTweenSettings.asset
  artifactKey: Guid(83fd496ff3caf5040b9a18af68238e0c) Importer(815301076,1909f56bfc062723c751e8b465ee728b)
Start importing Assets/Resources/DOTweenSettings.asset using Guid(83fd496ff3caf5040b9a18af68238e0c) Importer(815301076,1909f56bfc062723c751e8b465ee728b)  -> (artifact id: '3b214af4fb043dce2b22db24808eeaa2') in 0.030510 seconds
  Import took 0.033250 seconds .

========================================================================
Received Import Request.
  Time since last request: 0.297933 seconds.
  path: Assets/Resources/Prefabs
  artifactKey: Guid(351415ef6232fe3498ef20ab2a7dc75f) Importer(815301076,1909f56bfc062723c751e8b465ee728b)
Start importing Assets/Resources/Prefabs using Guid(351415ef6232fe3498ef20ab2a7dc75f) Importer(815301076,1909f56bfc062723c751e8b465ee728b)  -> (artifact id: 'd5a7b9daea1785175496877153cc3550') in 0.007699 seconds
  Import took 0.010406 seconds .

========================================================================
Received Import Request.
  Time since last request: 1.432097 seconds.
  path: Assets/Resources/Prefabs/Card.prefab
  artifactKey: Guid(fd07bbe9cd9d71e49af968d74cba329b) Importer(815301076,1909f56bfc062723c751e8b465ee728b)
Start importing Assets/Resources/Prefabs/Card.prefab using Guid(fd07bbe9cd9d71e49af968d74cba329b) Importer(815301076,1909f56bfc062723c751e8b465ee728b)  -> (artifact id: '602a54d57fe3f27b22db719662bd4749') in 0.032338 seconds
  Import took 0.035675 seconds .

========================================================================
Received Import Request.
  Time since last request: 0.004933 seconds.
  path: Assets/Resources/Prefabs/Card.prefab
  artifactKey: Guid(fd07bbe9cd9d71e49af968d74cba329b) Importer(815301076,1909f56bfc062723c751e8b465ee728b)
Start importing Assets/Resources/Prefabs/Card.prefab using Guid(fd07bbe9cd9d71e49af968d74cba329b) Importer(815301076,1909f56bfc062723c751e8b465ee728b)  -> (artifact id: '602a54d57fe3f27b22db719662bd4749') in 0.003491 seconds
  Import took 0.006537 seconds .

========================================================================
Received Import Request.
  Time since last request: 1113.525589 seconds.
  path: Assets/Scripts/UI/SC_UI_Manager.cs
  artifactKey: Guid(d3208b8324a03fc4aa8c95c2f6aa91d5) Importer(815301076,1909f56bfc062723c751e8b465ee728b)
Start importing Assets/Scripts/UI/SC_UI_Manager.cs using Guid(d3208b8324a03fc4aa8c95c2f6aa91d5) Importer(815301076,1909f56bfc062723c751e8b465ee728b)  -> (artifact id: '5e6af984670e4948506413c812278fe2') in 0.009384 seconds
  Import took 0.012548 seconds .

========================================================================
Received Import Request.
  Time since last request: 0.000619 seconds.
  path: Assets/Scripts/UI/SC_UI_Manager.cs
  artifactKey: Guid(d3208b8324a03fc4aa8c95c2f6aa91d5) Importer(815301076,1909f56bfc062723c751e8b465ee728b)
Start importing Assets/Scripts/UI/SC_UI_Manager.cs using Guid(d3208b8324a03fc4aa8c95c2f6aa91d5) Importer(815301076,1909f56bfc062723c751e8b465ee728b)  -> (artifact id: '5e6af984670e4948506413c812278fe2') in 0.002102 seconds
  Import took 0.004615 seconds .

========================================================================
Received Import Request.
  Time since last request: 34.429736 seconds.
  path: Assets/Scripts/UI/SC_MainMenu.cs
  artifactKey: Guid(8613fd24f1f77194fadbd85b22a75c1e) Importer(815301076,1909f56bfc062723c751e8b465ee728b)
Start importing Assets/Scripts/UI/SC_MainMenu.cs using Guid(8613fd24f1f77194fadbd85b22a75c1e) Importer(815301076,1909f56bfc062723c751e8b465ee728b)  -> (artifact id: '2c74f6114c3d64e99d260567f306348c') in 0.009439 seconds
  Import took 0.012007 seconds .

========================================================================
Received Prepare
Registering precompiled user dll's ...
Registered in 0.003872 seconds.
Begin MonoManager ReloadAssembly
Native extension for WindowsStandalone target not found
Refreshing native plugins compatible for Editor in 0.51 ms, found 0 plugins.
Preloading 0 native plugins for Editor in 0.00 ms.
Invoked RoslynAnalysisRunner static constructor.
RoslynAnalysisRunner will not be running.
RoslynAnalysisRunner has terminated.
Mono: successfully reloaded assembly
- Completed reload, in  0.899 seconds
Platform modules already initialized, skipping
Refreshing native plugins compatible for Editor in 0.66 ms, found 0 plugins.
Preloading 0 native plugins for Editor in 0.00 ms.
Unloading 1547 Unused Serialized files (Serialized files now loaded: 0)
System memory in use before: 71.1 MB.
System memory in use after: 71.2 MB.

Unloading 30 unused Assets to reduce memory usage. Loaded Objects now: 1995.
Total: 1.964300 ms (FindLiveObjects: 0.245000 ms CreateObjectMapping: 0.049900 ms MarkObjects: 1.639800 ms  DeleteObjects: 0.027600 ms)

========================================================================
Received Prepare
Registering precompiled user dll's ...
Registered in 0.003670 seconds.
Begin MonoManager ReloadAssembly
Native extension for WindowsStandalone target not found
Refreshing native plugins compatible for Editor in 0.56 ms, found 0 plugins.
Preloading 0 native plugins for Editor in 0.00 ms.
Invoked RoslynAnalysisRunner static constructor.
RoslynAnalysisRunner will not be running.
RoslynAnalysisRunner has terminated.
Mono: successfully reloaded assembly
- Completed reload, in  0.907 seconds
Platform modules already initialized, skipping
Refreshing native plugins compatible for Editor in 0.51 ms, found 0 plugins.
Preloading 0 native plugins for Editor in 0.00 ms.
Unloading 1547 Unused Serialized files (Serialized files now loaded: 0)
System memory in use before: 71.1 MB.
System memory in use after: 71.2 MB.

Unloading 30 unused Assets to reduce memory usage. Loaded Objects now: 1998.
Total: 2.925700 ms (FindLiveObjects: 0.355400 ms CreateObjectMapping: 0.055100 ms MarkObjects: 2.484100 ms  DeleteObjects: 0.029700 ms)

========================================================================
Received Import Request.
  Time since last request: 50.022719 seconds.
  path: Assets/Scripts/UI/SC_MainMenu.cs
  artifactKey: Guid(8613fd24f1f77194fadbd85b22a75c1e) Importer(815301076,1909f56bfc062723c751e8b465ee728b)
Start importing Assets/Scripts/UI/SC_MainMenu.cs using Guid(8613fd24f1f77194fadbd85b22a75c1e) Importer(815301076,1909f56bfc062723c751e8b465ee728b)  -> (artifact id: '7975f2002a7711d7c0001a4cd0a4b0fe') in 0.004825 seconds
  Import took 0.007981 seconds .

========================================================================
Received Prepare
Registering precompiled user dll's ...
Registered in 0.004712 seconds.
Begin MonoManager ReloadAssembly
Native extension for WindowsStandalone target not found
Refreshing native plugins compatible for Editor in 0.54 ms, found 0 plugins.
Preloading 0 native plugins for Editor in 0.00 ms.
Invoked RoslynAnalysisRunner static constructor.
RoslynAnalysisRunner will not be running.
RoslynAnalysisRunner has terminated.
Mono: successfully reloaded assembly
- Completed reload, in  1.012 seconds
Platform modules already initialized, skipping
Refreshing native plugins compatible for Editor in 0.51 ms, found 0 plugins.
Preloading 0 native plugins for Editor in 0.00 ms.
Unloading 1547 Unused Serialized files (Serialized files now loaded: 0)
System memory in use before: 71.1 MB.
System memory in use after: 71.2 MB.

Unloading 30 unused Assets to reduce memory usage. Loaded Objects now: 2001.
Total: 2.070500 ms (FindLiveObjects: 0.229100 ms CreateObjectMapping: 0.047600 ms MarkObjects: 1.770300 ms  DeleteObjects: 0.022100 ms)

========================================================================
Received Import Request.
  Time since last request: 410.681281 seconds.
  path: Assets/Scripts/UI/SC_MainMenu.cs
  artifactKey: Guid(8613fd24f1f77194fadbd85b22a75c1e) Importer(815301076,1909f56bfc062723c751e8b465ee728b)
Start importing Assets/Scripts/UI/SC_MainMenu.cs using Guid(8613fd24f1f77194fadbd85b22a75c1e) Importer(815301076,1909f56bfc062723c751e8b465ee728b)  -> (artifact id: 'f8f47a3d494193adde2b79ab6d4579e4') in 0.004399 seconds
  Import took 0.007020 seconds .

========================================================================
Received Import Request.
  Time since last request: 54.753284 seconds.
  path: Assets/Resources/Prefabs/P_PlayerPrefab.prefab
  artifactKey: Guid(b9982db5c89f4104d807469ca0c8ee3c) Importer(815301076,1909f56bfc062723c751e8b465ee728b)
Start importing Assets/Resources/Prefabs/P_PlayerPrefab.prefab using Guid(b9982db5c89f4104d807469ca0c8ee3c) Importer(815301076,1909f56bfc062723c751e8b465ee728b)  -> (artifact id: '1ce61eb42a17b75f2c9552e5238202e4') in 0.034174 seconds
  Import took 0.037050 seconds .

========================================================================
Received Import Request.
  Time since last request: 152.605845 seconds.
  path: Assets/Scenes/Play_Scene.unity
  artifactKey: Guid(77a34bdbd730d37479db10b12e049780) Importer(815301076,1909f56bfc062723c751e8b465ee728b)
Start importing Assets/Scenes/Play_Scene.unity using Guid(77a34bdbd730d37479db10b12e049780) Importer(815301076,1909f56bfc062723c751e8b465ee728b)  -> (artifact id: 'c68ec824142697e27bd9acc808a3ebfc') in 0.006960 seconds
  Import took 0.009572 seconds .

========================================================================
Received Import Request.
  Time since last request: 9.298861 seconds.
  path: Assets/Scenes/Main_Menu.unity
  artifactKey: Guid(06d832fed82ef50438f51b8ab6ab9b59) Importer(815301076,1909f56bfc062723c751e8b465ee728b)
Start importing Assets/Scenes/Main_Menu.unity using Guid(06d832fed82ef50438f51b8ab6ab9b59) Importer(815301076,1909f56bfc062723c751e8b465ee728b)  -> (artifact id: '8f03d9cde8a44a58f52fbf07678dbb0e') in 0.007270 seconds
  Import took 0.009869 seconds .

========================================================================
Received Import Request.
  Time since last request: 0.467867 seconds.
  path: Assets/Scenes/Main_MenuSettings.lighting
  artifactKey: Guid(6544753dda6632246a7b9a5bedd8030e) Importer(815301076,1909f56bfc062723c751e8b465ee728b)
Start importing Assets/Scenes/Main_MenuSettings.lighting using Guid(6544753dda6632246a7b9a5bedd8030e) Importer(815301076,1909f56bfc062723c751e8b465ee728b) LightingSettings: switching bake backend from 1 to 0.
 -> (artifact id: 'c4976a2d05b598092655ced15508ac2f') in 0.009927 seconds
  Import took 0.013100 seconds .

========================================================================
Received Import Request.
  Time since last request: 0.006376 seconds.
  path: Assets/Scenes/Main_MenuSettings.lighting
  artifactKey: Guid(6544753dda6632246a7b9a5bedd8030e) Importer(815301076,1909f56bfc062723c751e8b465ee728b)
Start importing Assets/Scenes/Main_MenuSettings.lighting using Guid(6544753dda6632246a7b9a5bedd8030e) Importer(815301076,1909f56bfc062723c751e8b465ee728b) LightingSettings: switching bake backend from 1 to 0.
 -> (artifact id: 'c4976a2d05b598092655ced15508ac2f') in 0.002567 seconds
  Import took 0.005641 seconds .

========================================================================
Received Prepare
Registering precompiled user dll's ...
Registered in 0.003756 seconds.
Begin MonoManager ReloadAssembly
Native extension for WindowsStandalone target not found
Refreshing native plugins compatible for Editor in 0.52 ms, found 0 plugins.
Preloading 0 native plugins for Editor in 0.00 ms.
Invoked RoslynAnalysisRunner static constructor.
RoslynAnalysisRunner will not be running.
RoslynAnalysisRunner has terminated.
Mono: successfully reloaded assembly
- Completed reload, in  0.875 seconds
Platform modules already initialized, skipping
Refreshing native plugins compatible for Editor in 0.52 ms, found 0 plugins.
Preloading 0 native plugins for Editor in 0.00 ms.
Unloading 1547 Unused Serialized files (Serialized files now loaded: 0)
System memory in use before: 71.1 MB.
System memory in use after: 71.2 MB.

Unloading 30 unused Assets to reduce memory usage. Loaded Objects now: 2004.
Total: 1.839900 ms (FindLiveObjects: 0.224000 ms CreateObjectMapping: 0.038400 ms MarkObjects: 1.556300 ms  DeleteObjects: 0.020400 ms)

========================================================================
Received Prepare
Registering precompiled user dll's ...
Registered in 0.004014 seconds.
Begin MonoManager ReloadAssembly
Native extension for WindowsStandalone target not found
Refreshing native plugins compatible for Editor in 0.83 ms, found 0 plugins.
Preloading 0 native plugins for Editor in 0.00 ms.
Invoked RoslynAnalysisRunner static constructor.
RoslynAnalysisRunner will not be running.
RoslynAnalysisRunner has terminated.
Mono: successfully reloaded assembly
- Completed reload, in  0.984 seconds
Platform modules already initialized, skipping
Refreshing native plugins compatible for Editor in 0.67 ms, found 0 plugins.
Preloading 0 native plugins for Editor in 0.00 ms.
Unloading 1547 Unused Serialized files (Serialized files now loaded: 0)
System memory in use before: 71.1 MB.
System memory in use after: 71.2 MB.

Unloading 30 unused Assets to reduce memory usage. Loaded Objects now: 2007.
Total: 2.275400 ms (FindLiveObjects: 0.265800 ms CreateObjectMapping: 0.057000 ms MarkObjects: 1.904100 ms  DeleteObjects: 0.047300 ms)

========================================================================
Received Prepare
Registering precompiled user dll's ...
Registered in 0.004117 seconds.
Begin MonoManager ReloadAssembly
Native extension for WindowsStandalone target not found
Refreshing native plugins compatible for Editor in 0.51 ms, found 0 plugins.
Preloading 0 native plugins for Editor in 0.00 ms.
Invoked RoslynAnalysisRunner static constructor.
RoslynAnalysisRunner will not be running.
RoslynAnalysisRunner has terminated.
Mono: successfully reloaded assembly
- Completed reload, in  0.927 seconds
Platform modules already initialized, skipping
Refreshing native plugins compatible for Editor in 0.51 ms, found 0 plugins.
Preloading 0 native plugins for Editor in 0.00 ms.
Unloading 1547 Unused Serialized files (Serialized files now loaded: 0)
System memory in use before: 71.1 MB.
System memory in use after: 71.2 MB.

Unloading 30 unused Assets to reduce memory usage. Loaded Objects now: 2010.
Total: 2.178100 ms (FindLiveObjects: 0.198400 ms CreateObjectMapping: 0.036600 ms MarkObjects: 1.900600 ms  DeleteObjects: 0.041200 ms)

========================================================================
Received Prepare
Registering precompiled user dll's ...
Registered in 0.003600 seconds.
Begin MonoManager ReloadAssembly
Native extension for WindowsStandalone target not found
Refreshing native plugins compatible for Editor in 0.53 ms, found 0 plugins.
Preloading 0 native plugins for Editor in 0.00 ms.
Invoked RoslynAnalysisRunner static constructor.
RoslynAnalysisRunner will not be running.
RoslynAnalysisRunner has terminated.
Mono: successfully reloaded assembly
- Completed reload, in  0.876 seconds
Platform modules already initialized, skipping
Refreshing native plugins compatible for Editor in 0.55 ms, found 0 plugins.
Preloading 0 native plugins for Editor in 0.00 ms.
Unloading 1547 Unused Serialized files (Serialized files now loaded: 0)
System memory in use before: 71.2 MB.
System memory in use after: 71.3 MB.

Unloading 30 unused Assets to reduce memory usage. Loaded Objects now: 2013.
Total: 1.828500 ms (FindLiveObjects: 0.182600 ms CreateObjectMapping: 0.037900 ms MarkObjects: 1.587900 ms  DeleteObjects: 0.019200 ms)

========================================================================
Received Import Request.
  Time since last request: 7428.222211 seconds.
  path: Assets/Resources/Prefabs/P_PlayerPrefab.prefab
  artifactKey: Guid(b9982db5c89f4104d807469ca0c8ee3c) Importer(815301076,1909f56bfc062723c751e8b465ee728b)
Start importing Assets/Resources/Prefabs/P_PlayerPrefab.prefab using Guid(b9982db5c89f4104d807469ca0c8ee3c) Importer(815301076,1909f56bfc062723c751e8b465ee728b)  -> (artifact id: 'd0ad5de8d0ad0824f25bf0802e672657') in 0.028223 seconds
  Import took 0.031387 seconds .

========================================================================
Received Prepare
Registering precompiled user dll's ...
Registered in 0.003529 seconds.
Begin MonoManager ReloadAssembly
Native extension for WindowsStandalone target not found
Refreshing native plugins compatible for Editor in 0.64 ms, found 0 plugins.
Preloading 0 native plugins for Editor in 0.00 ms.
Invoked RoslynAnalysisRunner static constructor.
RoslynAnalysisRunner will not be running.
RoslynAnalysisRunner has terminated.
Mono: successfully reloaded assembly
- Completed reload, in  0.921 seconds
Platform modules already initialized, skipping
Refreshing native plugins compatible for Editor in 0.52 ms, found 0 plugins.
Preloading 0 native plugins for Editor in 0.00 ms.
Unloading 1547 Unused Serialized files (Serialized files now loaded: 0)
System memory in use before: 71.2 MB.
System memory in use after: 71.3 MB.

Unloading 30 unused Assets to reduce memory usage. Loaded Objects now: 2016.
Total: 2.310500 ms (FindLiveObjects: 0.207500 ms CreateObjectMapping: 0.037900 ms MarkObjects: 2.027000 ms  DeleteObjects: 0.036400 ms)

========================================================================
Received Prepare
Registering precompiled user dll's ...
Registered in 0.003927 seconds.
Begin MonoManager ReloadAssembly
Native extension for WindowsStandalone target not found
Refreshing native plugins compatible for Editor in 0.52 ms, found 0 plugins.
Preloading 0 native plugins for Editor in 0.00 ms.
Invoked RoslynAnalysisRunner static constructor.
RoslynAnalysisRunner will not be running.
RoslynAnalysisRunner has terminated.
Mono: successfully reloaded assembly
- Completed reload, in  0.867 seconds
Platform modules already initialized, skipping
Refreshing native plugins compatible for Editor in 0.54 ms, found 0 plugins.
Preloading 0 native plugins for Editor in 0.00 ms.
Unloading 1547 Unused Serialized files (Serialized files now loaded: 0)
System memory in use before: 71.2 MB.
System memory in use after: 71.3 MB.

Unloading 30 unused Assets to reduce memory usage. Loaded Objects now: 2019.
Total: 2.780100 ms (FindLiveObjects: 0.216700 ms CreateObjectMapping: 0.037300 ms MarkObjects: 2.495100 ms  DeleteObjects: 0.028700 ms)

========================================================================
Received Prepare
Refreshing native plugins compatible for Editor in 5.39 ms, found 0 plugins.
Preloading 0 native plugins for Editor in 0.00 ms.
Unloading 29 Unused Serialized files (Serialized files now loaded: 0)
System memory in use before: 41.1 MB.
System memory in use after: 41.2 MB.

Unloading 28 unused Assets to reduce memory usage. Loaded Objects now: 2019.
Total: 1.883200 ms (FindLiveObjects: 0.248300 ms CreateObjectMapping: 0.049900 ms MarkObjects: 1.565700 ms  DeleteObjects: 0.018100 ms)

========================================================================
Received Prepare
Refreshing native plugins compatible for Editor in 5.13 ms, found 0 plugins.
Preloading 0 native plugins for Editor in 0.00 ms.
Unloading 29 Unused Serialized files (Serialized files now loaded: 0)
System memory in use before: 41.1 MB.
System memory in use after: 41.2 MB.

Unloading 28 unused Assets to reduce memory usage. Loaded Objects now: 2019.
Total: 2.028000 ms (FindLiveObjects: 0.259000 ms CreateObjectMapping: 0.036700 ms MarkObjects: 1.711400 ms  DeleteObjects: 0.019700 ms)

========================================================================
Received Prepare
Registering precompiled user dll's ...
Registered in 0.004008 seconds.
Begin MonoManager ReloadAssembly
Native extension for WindowsStandalone target not found
Refreshing native plugins compatible for Editor in 1.00 ms, found 0 plugins.
Preloading 0 native plugins for Editor in 0.00 ms.
Invoked RoslynAnalysisRunner static constructor.
RoslynAnalysisRunner will not be running.
RoslynAnalysisRunner has terminated.
Mono: successfully reloaded assembly
- Completed reload, in  0.954 seconds
Platform modules already initialized, skipping
Refreshing native plugins compatible for Editor in 0.53 ms, found 0 plugins.
Preloading 0 native plugins for Editor in 0.00 ms.
Unloading 1547 Unused Serialized files (Serialized files now loaded: 0)
System memory in use before: 71.2 MB.
System memory in use after: 71.3 MB.

Unloading 30 unused Assets to reduce memory usage. Loaded Objects now: 2022.
Total: 2.239400 ms (FindLiveObjects: 0.278000 ms CreateObjectMapping: 0.047800 ms MarkObjects: 1.887500 ms  DeleteObjects: 0.023900 ms)

========================================================================
Received Prepare
Refreshing native plugins compatible for Editor in 5.43 ms, found 0 plugins.
Preloading 0 native plugins for Editor in 0.00 ms.
Unloading 29 Unused Serialized files (Serialized files now loaded: 0)
System memory in use before: 41.1 MB.
System memory in use after: 41.3 MB.

Unloading 28 unused Assets to reduce memory usage. Loaded Objects now: 2022.
Total: 2.323700 ms (FindLiveObjects: 0.245900 ms CreateObjectMapping: 0.037000 ms MarkObjects: 2.016600 ms  DeleteObjects: 0.023000 ms)

========================================================================
Received Prepare
Registering precompiled user dll's ...
Registered in 0.003610 seconds.
Begin MonoManager ReloadAssembly
Native extension for WindowsStandalone target not found
Refreshing native plugins compatible for Editor in 0.53 ms, found 0 plugins.
Preloading 0 native plugins for Editor in 0.00 ms.
Invoked RoslynAnalysisRunner static constructor.
RoslynAnalysisRunner will not be running.
RoslynAnalysisRunner has terminated.
Mono: successfully reloaded assembly
- Completed reload, in  0.888 seconds
Platform modules already initialized, skipping
Refreshing native plugins compatible for Editor in 0.55 ms, found 0 plugins.
Preloading 0 native plugins for Editor in 0.00 ms.
Unloading 1547 Unused Serialized files (Serialized files now loaded: 0)
System memory in use before: 71.2 MB.
System memory in use after: 71.3 MB.

Unloading 30 unused Assets to reduce memory usage. Loaded Objects now: 2025.
Total: 1.952700 ms (FindLiveObjects: 0.208600 ms CreateObjectMapping: 0.038300 ms MarkObjects: 1.680300 ms  DeleteObjects: 0.024200 ms)

========================================================================
Received Prepare
Registering precompiled user dll's ...
Registered in 0.003779 seconds.
Begin MonoManager ReloadAssembly
Native extension for WindowsStandalone target not found
Refreshing native plugins compatible for Editor in 0.54 ms, found 0 plugins.
Preloading 0 native plugins for Editor in 0.00 ms.
Invoked RoslynAnalysisRunner static constructor.
RoslynAnalysisRunner will not be running.
RoslynAnalysisRunner has terminated.
Mono: successfully reloaded assembly
- Completed reload, in  0.950 seconds
Platform modules already initialized, skipping
Refreshing native plugins compatible for Editor in 0.54 ms, found 0 plugins.
Preloading 0 native plugins for Editor in 0.00 ms.
Unloading 1547 Unused Serialized files (Serialized files now loaded: 0)
System memory in use before: 71.2 MB.
System memory in use after: 71.3 MB.

Unloading 30 unused Assets to reduce memory usage. Loaded Objects now: 2028.
Total: 1.945300 ms (FindLiveObjects: 0.223400 ms CreateObjectMapping: 0.037600 ms MarkObjects: 1.660400 ms  DeleteObjects: 0.022900 ms)

========================================================================
Received Prepare
Registering precompiled user dll's ...
Registered in 0.003521 seconds.
Begin MonoManager ReloadAssembly
Native extension for WindowsStandalone target not found
Refreshing native plugins compatible for Editor in 0.52 ms, found 0 plugins.
Preloading 0 native plugins for Editor in 0.00 ms.
Invoked RoslynAnalysisRunner static constructor.
RoslynAnalysisRunner will not be running.
RoslynAnalysisRunner has terminated.
Mono: successfully reloaded assembly
- Completed reload, in  0.849 seconds
Platform modules already initialized, skipping
Refreshing native plugins compatible for Editor in 0.53 ms, found 0 plugins.
Preloading 0 native plugins for Editor in 0.00 ms.
Unloading 1547 Unused Serialized files (Serialized files now loaded: 0)
System memory in use before: 71.2 MB.
System memory in use after: 71.3 MB.

Unloading 30 unused Assets to reduce memory usage. Loaded Objects now: 2031.
Total: 2.006300 ms (FindLiveObjects: 0.268600 ms CreateObjectMapping: 0.046200 ms MarkObjects: 1.667000 ms  DeleteObjects: 0.023300 ms)

========================================================================
Received Prepare
Refreshing native plugins compatible for Editor in 5.20 ms, found 0 plugins.
Preloading 0 native plugins for Editor in 0.00 ms.
Unloading 29 Unused Serialized files (Serialized files now loaded: 0)
System memory in use before: 41.2 MB.
System memory in use after: 41.3 MB.

Unloading 28 unused Assets to reduce memory usage. Loaded Objects now: 2031.
Total: 2.561500 ms (FindLiveObjects: 0.377400 ms CreateObjectMapping: 0.046200 ms MarkObjects: 2.106500 ms  DeleteObjects: 0.025400 ms)

========================================================================
Received Prepare
Registering precompiled user dll's ...
Registered in 0.003716 seconds.
Begin MonoManager ReloadAssembly
Native extension for WindowsStandalone target not found
Refreshing native plugins compatible for Editor in 0.66 ms, found 0 plugins.
Preloading 0 native plugins for Editor in 0.00 ms.
Invoked RoslynAnalysisRunner static constructor.
RoslynAnalysisRunner will not be running.
RoslynAnalysisRunner has terminated.
Mono: successfully reloaded assembly
- Completed reload, in  1.029 seconds
Platform modules already initialized, skipping
Refreshing native plugins compatible for Editor in 0.61 ms, found 0 plugins.
Preloading 0 native plugins for Editor in 0.00 ms.
Unloading 1547 Unused Serialized files (Serialized files now loaded: 0)
System memory in use before: 71.2 MB.
System memory in use after: 71.3 MB.

Unloading 30 unused Assets to reduce memory usage. Loaded Objects now: 2034.
Total: 5.967300 ms (FindLiveObjects: 0.613800 ms CreateObjectMapping: 0.238600 ms MarkObjects: 5.083600 ms  DeleteObjects: 0.028800 ms)

========================================================================
Received Prepare
Registering precompiled user dll's ...
Registered in 0.003523 seconds.
Begin MonoManager ReloadAssembly
Native extension for WindowsStandalone target not found
Refreshing native plugins compatible for Editor in 0.54 ms, found 0 plugins.
Preloading 0 native plugins for Editor in 0.00 ms.
Invoked RoslynAnalysisRunner static constructor.
RoslynAnalysisRunner will not be running.
RoslynAnalysisRunner has terminated.
Mono: successfully reloaded assembly
- Completed reload, in  0.915 seconds
Platform modules already initialized, skipping
Refreshing native plugins compatible for Editor in 0.52 ms, found 0 plugins.
Preloading 0 native plugins for Editor in 0.00 ms.
Unloading 1547 Unused Serialized files (Serialized files now loaded: 0)
System memory in use before: 71.2 MB.
System memory in use after: 71.3 MB.

Unloading 30 unused Assets to reduce memory usage. Loaded Objects now: 2037.
Total: 1.901000 ms (FindLiveObjects: 0.203700 ms CreateObjectMapping: 0.036600 ms MarkObjects: 1.636500 ms  DeleteObjects: 0.023000 ms)

========================================================================
Received Prepare
Registering precompiled user dll's ...
Registered in 0.003521 seconds.
Begin MonoManager ReloadAssembly
Native extension for WindowsStandalone target not found
Refreshing native plugins compatible for Editor in 0.52 ms, found 0 plugins.
Preloading 0 native plugins for Editor in 0.00 ms.
Invoked RoslynAnalysisRunner static constructor.
RoslynAnalysisRunner will not be running.
RoslynAnalysisRunner has terminated.
Mono: successfully reloaded assembly
- Completed reload, in  0.856 seconds
Platform modules already initialized, skipping
Refreshing native plugins compatible for Editor in 0.53 ms, found 0 plugins.
Preloading 0 native plugins for Editor in 0.00 ms.
Unloading 1547 Unused Serialized files (Serialized files now loaded: 0)
System memory in use before: 71.2 MB.
System memory in use after: 71.3 MB.

Unloading 30 unused Assets to reduce memory usage. Loaded Objects now: 2040.
Total: 2.206300 ms (FindLiveObjects: 0.181600 ms CreateObjectMapping: 0.036200 ms MarkObjects: 1.960200 ms  DeleteObjects: 0.027200 ms)

========================================================================
Received Prepare
Registering precompiled user dll's ...
Registered in 0.003701 seconds.
Begin MonoManager ReloadAssembly
Native extension for WindowsStandalone target not found
Refreshing native plugins compatible for Editor in 0.55 ms, found 0 plugins.
Preloading 0 native plugins for Editor in 0.00 ms.
Invoked RoslynAnalysisRunner static constructor.
RoslynAnalysisRunner will not be running.
RoslynAnalysisRunner has terminated.
Mono: successfully reloaded assembly
- Completed reload, in  0.915 seconds
Platform modules already initialized, skipping
Refreshing native plugins compatible for Editor in 0.53 ms, found 0 plugins.
Preloading 0 native plugins for Editor in 0.00 ms.
Unloading 1547 Unused Serialized files (Serialized files now loaded: 0)
System memory in use before: 71.2 MB.
System memory in use after: 71.3 MB.

Unloading 30 unused Assets to reduce memory usage. Loaded Objects now: 2043.
Total: 1.978900 ms (FindLiveObjects: 0.224400 ms CreateObjectMapping: 0.039000 ms MarkObjects: 1.692200 ms  DeleteObjects: 0.022100 ms)

========================================================================
Received Prepare
Registering precompiled user dll's ...
Registered in 0.003876 seconds.
Begin MonoManager ReloadAssembly
Native extension for WindowsStandalone target not found
Refreshing native plugins compatible for Editor in 0.51 ms, found 0 plugins.
Preloading 0 native plugins for Editor in 0.00 ms.
Invoked RoslynAnalysisRunner static constructor.
RoslynAnalysisRunner will not be running.
RoslynAnalysisRunner has terminated.
Mono: successfully reloaded assembly
- Completed reload, in  0.865 seconds
Platform modules already initialized, skipping
Refreshing native plugins compatible for Editor in 0.54 ms, found 0 plugins.
Preloading 0 native plugins for Editor in 0.00 ms.
Unloading 1547 Unused Serialized files (Serialized files now loaded: 0)
System memory in use before: 71.2 MB.
System memory in use after: 71.3 MB.

Unloading 30 unused Assets to reduce memory usage. Loaded Objects now: 2046.
Total: 2.549300 ms (FindLiveObjects: 0.236700 ms CreateObjectMapping: 0.038300 ms MarkObjects: 2.244400 ms  DeleteObjects: 0.028400 ms)

========================================================================
Received Prepare
Refreshing native plugins compatible for Editor in 5.90 ms, found 0 plugins.
Preloading 0 native plugins for Editor in 0.00 ms.
Unloading 29 Unused Serialized files (Serialized files now loaded: 0)
System memory in use before: 41.2 MB.
System memory in use after: 41.3 MB.

Unloading 28 unused Assets to reduce memory usage. Loaded Objects now: 2046.
Total: 2.208900 ms (FindLiveObjects: 0.271300 ms CreateObjectMapping: 0.039700 ms MarkObjects: 1.877100 ms  DeleteObjects: 0.019700 ms)

========================================================================
Received Prepare
Registering precompiled user dll's ...
Registered in 0.005676 seconds.
Begin MonoManager ReloadAssembly
Native extension for WindowsStandalone target not found
Refreshing native plugins compatible for Editor in 0.71 ms, found 0 plugins.
Preloading 0 native plugins for Editor in 0.00 ms.
Invoked RoslynAnalysisRunner static constructor.
RoslynAnalysisRunner will not be running.
RoslynAnalysisRunner has terminated.
Mono: successfully reloaded assembly
- Completed reload, in  0.976 seconds
Platform modules already initialized, skipping
Refreshing native plugins compatible for Editor in 0.77 ms, found 0 plugins.
Preloading 0 native plugins for Editor in 0.00 ms.
Unloading 1547 Unused Serialized files (Serialized files now loaded: 0)
System memory in use before: 71.2 MB.
System memory in use after: 71.3 MB.

Unloading 30 unused Assets to reduce memory usage. Loaded Objects now: 2049.
Total: 3.168700 ms (FindLiveObjects: 0.566500 ms CreateObjectMapping: 0.230100 ms MarkObjects: 2.343000 ms  DeleteObjects: 0.027000 ms)

========================================================================
Received Prepare
Refreshing native plugins compatible for Editor in 5.17 ms, found 0 plugins.
Preloading 0 native plugins for Editor in 0.00 ms.
Unloading 29 Unused Serialized files (Serialized files now loaded: 0)
System memory in use before: 41.2 MB.
System memory in use after: 41.3 MB.

Unloading 28 unused Assets to reduce memory usage. Loaded Objects now: 2049.
Total: 2.478200 ms (FindLiveObjects: 0.255100 ms CreateObjectMapping: 0.041400 ms MarkObjects: 2.146600 ms  DeleteObjects: 0.033600 ms)

========================================================================
Received Prepare
Registering precompiled user dll's ...
Registered in 0.004213 seconds.
Begin MonoManager ReloadAssembly
Native extension for WindowsStandalone target not found
Refreshing native plugins compatible for Editor in 0.62 ms, found 0 plugins.
Preloading 0 native plugins for Editor in 0.00 ms.
Invoked RoslynAnalysisRunner static constructor.
RoslynAnalysisRunner will not be running.
RoslynAnalysisRunner has terminated.
Mono: successfully reloaded assembly
- Completed reload, in  0.914 seconds
Platform modules already initialized, skipping
Refreshing native plugins compatible for Editor in 0.52 ms, found 0 plugins.
Preloading 0 native plugins for Editor in 0.00 ms.
Unloading 1547 Unused Serialized files (Serialized files now loaded: 0)
System memory in use before: 71.2 MB.
System memory in use after: 71.3 MB.

Unloading 30 unused Assets to reduce memory usage. Loaded Objects now: 2052.
Total: 2.287600 ms (FindLiveObjects: 0.211300 ms CreateObjectMapping: 0.037100 ms MarkObjects: 2.012100 ms  DeleteObjects: 0.025000 ms)

========================================================================
Received Prepare
Refreshing native plugins compatible for Editor in 6.50 ms, found 0 plugins.
Preloading 0 native plugins for Editor in 0.00 ms.
Unloading 29 Unused Serialized files (Serialized files now loaded: 0)
System memory in use before: 41.2 MB.
System memory in use after: 41.3 MB.

Unloading 28 unused Assets to reduce memory usage. Loaded Objects now: 2052.
Total: 3.110400 ms (FindLiveObjects: 0.381500 ms CreateObjectMapping: 0.044900 ms MarkObjects: 2.652100 ms  DeleteObjects: 0.029400 ms)

========================================================================
Received Prepare
Registering precompiled user dll's ...
Registered in 0.003568 seconds.
Begin MonoManager ReloadAssembly
Native extension for WindowsStandalone target not found
Refreshing native plugins compatible for Editor in 0.68 ms, found 0 plugins.
Preloading 0 native plugins for Editor in 0.00 ms.
Invoked RoslynAnalysisRunner static constructor.
RoslynAnalysisRunner will not be running.
RoslynAnalysisRunner has terminated.
Mono: successfully reloaded assembly
- Completed reload, in  0.886 seconds
Platform modules already initialized, skipping
Refreshing native plugins compatible for Editor in 0.56 ms, found 0 plugins.
Preloading 0 native plugins for Editor in 0.00 ms.
Unloading 1547 Unused Serialized files (Serialized files now loaded: 0)
System memory in use before: 71.3 MB.
System memory in use after: 71.4 MB.

Unloading 30 unused Assets to reduce memory usage. Loaded Objects now: 2055.
Total: 3.190100 ms (FindLiveObjects: 0.347600 ms CreateObjectMapping: 0.058200 ms MarkObjects: 2.751400 ms  DeleteObjects: 0.031400 ms)

========================================================================
Received Prepare
Registering precompiled user dll's ...
Registered in 0.004192 seconds.
Begin MonoManager ReloadAssembly
Native extension for WindowsStandalone target not found
Refreshing native plugins compatible for Editor in 0.51 ms, found 0 plugins.
Preloading 0 native plugins for Editor in 0.00 ms.
Invoked RoslynAnalysisRunner static constructor.
RoslynAnalysisRunner will not be running.
RoslynAnalysisRunner has terminated.
Mono: successfully reloaded assembly
- Completed reload, in  0.900 seconds
Platform modules already initialized, skipping
Refreshing native plugins compatible for Editor in 0.51 ms, found 0 plugins.
Preloading 0 native plugins for Editor in 0.00 ms.
Unloading 1547 Unused Serialized files (Serialized files now loaded: 0)
System memory in use before: 71.3 MB.
System memory in use after: 71.4 MB.

Unloading 30 unused Assets to reduce memory usage. Loaded Objects now: 2058.
Total: 2.679400 ms (FindLiveObjects: 0.374000 ms CreateObjectMapping: 0.060700 ms MarkObjects: 2.215500 ms  DeleteObjects: 0.026900 ms)

========================================================================
Received Prepare
Refreshing native plugins compatible for Editor in 5.29 ms, found 0 plugins.
Preloading 0 native plugins for Editor in 0.00 ms.
Unloading 29 Unused Serialized files (Serialized files now loaded: 0)
System memory in use before: 41.2 MB.
System memory in use after: 41.3 MB.

Unloading 28 unused Assets to reduce memory usage. Loaded Objects now: 2058.
Total: 2.245400 ms (FindLiveObjects: 0.369400 ms CreateObjectMapping: 0.061000 ms MarkObjects: 1.790800 ms  DeleteObjects: 0.022700 ms)

========================================================================
Received Prepare
Registering precompiled user dll's ...
Registered in 0.004017 seconds.
Begin MonoManager ReloadAssembly
Native extension for WindowsStandalone target not found
Refreshing native plugins compatible for Editor in 0.52 ms, found 0 plugins.
Preloading 0 native plugins for Editor in 0.00 ms.
Invoked RoslynAnalysisRunner static constructor.
RoslynAnalysisRunner will not be running.
RoslynAnalysisRunner has terminated.
Mono: successfully reloaded assembly
- Completed reload, in  0.867 seconds
Platform modules already initialized, skipping
Refreshing native plugins compatible for Editor in 0.55 ms, found 0 plugins.
Preloading 0 native plugins for Editor in 0.00 ms.
Unloading 1547 Unused Serialized files (Serialized files now loaded: 0)
System memory in use before: 71.3 MB.
System memory in use after: 71.4 MB.

Unloading 30 unused Assets to reduce memory usage. Loaded Objects now: 2061.
Total: 1.897700 ms (FindLiveObjects: 0.228200 ms CreateObjectMapping: 0.037200 ms MarkObjects: 1.612600 ms  DeleteObjects: 0.019100 ms)

AssetImportWorkerClient::OnTransportError - code=2 error=End of file
